<?xml version="1.0" encoding="UTF-8"?>
<!-- Generated by org.testng.reporters.JUnitReportReporter -->
<testsuite hostname="DESKTOP-FQ9F68V" failures="0" tests="4" name="Testng" time="61.027" errors="0" timestamp="2022-09-27T23:28:01 IST" skipped="0">
  <testcase classname="Testng" name="verifyroombutton" time="0.575"/>
  <system-out/>
  <testcase classname="Testng" name="Verifyhelpbutton" time="60.449"/>
  <system-out/>
  <testcase classname="Testng" name="VerifyBackbutton" time="0.002"/>
  <system-out/>
  <testcase classname="Testng" name="testD" time="0.001"/>
  <system-out/>
</testsuite> <!-- Testng -->
