<?xml version="1.0" encoding="UTF-8"?>
<!-- Generated by org.testng.reporters.JUnitReportReporter -->
<testsuite hostname="DESKTOP-FQ9F68V" failures="0" tests="4" name="Testng" time="15.827" errors="0" timestamp="2022-10-11T08:28:59 IST" skipped="0">
  <testcase classname="Testng" name="verifyroombutton" time="2.527"/>
  <system-out/>
  <testcase classname="Testng" name="Verifyhelpbutton" time="12.431"/>
  <system-out/>
  <testcase classname="Testng" name="testc" time="0.866"/>
  <system-out/>
  <testcase classname="Testng" name="testD" time="0.003"/>
  <system-out/>
</testsuite> <!-- Testng -->
